{"C:\\Users\\Дария\\Desktop\\rick-morty\\src\\main.tsx": {"path":"C:\\Users\\Дария\\Desktop\\rick-morty\\src\\main.tsx","all":true,"statementMap":{"0":{"start":{"line":1,"column":0},"end":{"line":1,"column":26}},"1":{"start":{"line":2,"column":0},"end":{"line":2,"column":40}},"2":{"start":{"line":3,"column":0},"end":{"line":3,"column":21}},"3":{"start":{"line":4,"column":0},"end":{"line":4,"column":36}},"4":{"start":{"line":5,"column":0},"end":{"line":5,"column":60}},"5":{"start":{"line":6,"column":0},"end":{"line":6,"column":0}},"6":{"start":{"line":7,"column":0},"end":{"line":7,"column":52}},"7":{"start":{"line":8,"column":0},"end":{"line":8,"column":0}},"8":{"start":{"line":9,"column":0},"end":{"line":9,"column":19}},"9":{"start":{"line":10,"column":0},"end":{"line":10,"column":50}},"10":{"start":{"line":11,"column":0},"end":{"line":11,"column":1}},"11":{"start":{"line":12,"column":0},"end":{"line":12,"column":0}},"12":{"start":{"line":13,"column":0},"end":{"line":13,"column":40}},"13":{"start":{"line":14,"column":0},"end":{"line":14,"column":17}},"14":{"start":{"line":15,"column":0},"end":{"line":15,"column":22}},"15":{"start":{"line":16,"column":0},"end":{"line":16,"column":13}},"16":{"start":{"line":17,"column":0},"end":{"line":17,"column":23}},"17":{"start":{"line":18,"column":0},"end":{"line":18,"column":18}},"18":{"start":{"line":19,"column":0},"end":{"line":19,"column":2}}},"s":{"0":0,"1":0,"2":0,"3":0,"4":0,"5":0,"6":0,"7":0,"8":0,"9":0,"10":0,"11":0,"12":0,"13":0,"14":0,"15":0,"16":0,"17":0,"18":0},"branchMap":{"0":{"type":"branch","line":1,"loc":{"start":{"line":1,"column":0},"end":{"line":19,"column":2}},"locations":[{"start":{"line":1,"column":0},"end":{"line":19,"column":2}}]}},"b":{"0":[0]},"fnMap":{"0":{"name":"(empty-report)","decl":{"start":{"line":1,"column":0},"end":{"line":19,"column":2}},"loc":{"start":{"line":1,"column":0},"end":{"line":19,"column":2}},"line":1}},"f":{"0":0}}
,"C:\\Users\\Дария\\Desktop\\rick-morty\\src\\app\\App.tsx": {"path":"C:\\Users\\Дария\\Desktop\\rick-morty\\src\\app\\App.tsx","all":false,"statementMap":{"0":{"start":{"line":1,"column":0},"end":{"line":1,"column":40}},"1":{"start":{"line":2,"column":0},"end":{"line":2,"column":19}},"3":{"start":{"line":4,"column":0},"end":{"line":4,"column":77}},"5":{"start":{"line":6,"column":0},"end":{"line":6,"column":38}},"6":{"start":{"line":7,"column":0},"end":{"line":7,"column":27}},"7":{"start":{"line":8,"column":0},"end":{"line":8,"column":2}}},"s":{"0":1,"1":1,"3":1,"5":1,"6":1,"7":1},"branchMap":{"0":{"type":"branch","line":6,"loc":{"start":{"line":6,"column":31},"end":{"line":8,"column":2}},"locations":[{"start":{"line":6,"column":31},"end":{"line":8,"column":2}}]}},"b":{"0":[1]},"fnMap":{"0":{"name":"App","decl":{"start":{"line":6,"column":31},"end":{"line":8,"column":2}},"loc":{"start":{"line":6,"column":31},"end":{"line":8,"column":2}},"line":6}},"f":{"0":1}}
,"C:\\Users\\Дария\\Desktop\\rick-morty\\src\\app\\providers\\routerProvider\\routeProvider.tsx": {"path":"C:\\Users\\Дария\\Desktop\\rick-morty\\src\\app\\providers\\routerProvider\\routeProvider.tsx","all":false,"statementMap":{"0":{"start":{"line":1,"column":0},"end":{"line":1,"column":8}},"6":{"start":{"line":7,"column":0},"end":{"line":7,"column":43}},"7":{"start":{"line":8,"column":0},"end":{"line":8,"column":43}},"8":{"start":{"line":9,"column":0},"end":{"line":9,"column":85}},"9":{"start":{"line":10,"column":0},"end":{"line":10,"column":57}},"11":{"start":{"line":12,"column":0},"end":{"line":12,"column":33}},"12":{"start":{"line":13,"column":0},"end":{"line":13,"column":32}},"14":{"start":{"line":15,"column":0},"end":{"line":15,"column":27}},"16":{"start":{"line":17,"column":0},"end":{"line":17,"column":36}},"17":{"start":{"line":18,"column":0},"end":{"line":18,"column":57}},"18":{"start":{"line":19,"column":0},"end":{"line":19,"column":38}},"19":{"start":{"line":20,"column":0},"end":{"line":20,"column":33}},"20":{"start":{"line":21,"column":0},"end":{"line":21,"column":41}},"21":{"start":{"line":22,"column":0},"end":{"line":22,"column":25}},"22":{"start":{"line":23,"column":0},"end":{"line":23,"column":10}},"23":{"start":{"line":24,"column":0},"end":{"line":24,"column":35}},"24":{"start":{"line":25,"column":0},"end":{"line":25,"column":3}},"26":{"start":{"line":27,"column":0},"end":{"line":27,"column":51}},"27":{"start":{"line":28,"column":0},"end":{"line":28,"column":1}},"29":{"start":{"line":30,"column":0},"end":{"line":30,"column":36}},"30":{"start":{"line":31,"column":0},"end":{"line":31,"column":3}},"31":{"start":{"line":32,"column":0},"end":{"line":32,"column":21}},"32":{"start":{"line":33,"column":0},"end":{"line":33,"column":24}},"33":{"start":{"line":34,"column":0},"end":{"line":34,"column":43}},"34":{"start":{"line":35,"column":0},"end":{"line":35,"column":15}},"35":{"start":{"line":36,"column":0},"end":{"line":36,"column":7}},"36":{"start":{"line":37,"column":0},"end":{"line":37,"column":25}},"37":{"start":{"line":38,"column":0},"end":{"line":38,"column":32}},"38":{"start":{"line":39,"column":0},"end":{"line":39,"column":40}},"39":{"start":{"line":40,"column":0},"end":{"line":40,"column":43}},"40":{"start":{"line":41,"column":0},"end":{"line":41,"column":60}},"41":{"start":{"line":42,"column":0},"end":{"line":42,"column":73}},"42":{"start":{"line":43,"column":0},"end":{"line":43,"column":50}},"44":{"start":{"line":45,"column":0},"end":{"line":45,"column":39}},"45":{"start":{"line":46,"column":0},"end":{"line":46,"column":10}},"46":{"start":{"line":47,"column":0},"end":{"line":47,"column":19}},"47":{"start":{"line":48,"column":0},"end":{"line":48,"column":11}},"48":{"start":{"line":49,"column":0},"end":{"line":49,"column":37}},"49":{"start":{"line":50,"column":0},"end":{"line":50,"column":31}},"50":{"start":{"line":51,"column":0},"end":{"line":51,"column":62}},"52":{"start":{"line":53,"column":0},"end":{"line":53,"column":22}},"53":{"start":{"line":54,"column":0},"end":{"line":54,"column":32}},"54":{"start":{"line":55,"column":0},"end":{"line":55,"column":55}},"55":{"start":{"line":56,"column":0},"end":{"line":56,"column":16}},"56":{"start":{"line":57,"column":0},"end":{"line":57,"column":14}},"57":{"start":{"line":58,"column":0},"end":{"line":58,"column":12}},"58":{"start":{"line":59,"column":0},"end":{"line":59,"column":10}},"59":{"start":{"line":60,"column":0},"end":{"line":60,"column":8}},"60":{"start":{"line":61,"column":0},"end":{"line":61,"column":7}},"61":{"start":{"line":62,"column":0},"end":{"line":62,"column":29}},"62":{"start":{"line":63,"column":0},"end":{"line":63,"column":27}},"63":{"start":{"line":64,"column":0},"end":{"line":64,"column":62}},"65":{"start":{"line":66,"column":0},"end":{"line":66,"column":18}},"66":{"start":{"line":67,"column":0},"end":{"line":67,"column":32}},"67":{"start":{"line":68,"column":0},"end":{"line":68,"column":51}},"68":{"start":{"line":69,"column":0},"end":{"line":69,"column":12}},"69":{"start":{"line":70,"column":0},"end":{"line":70,"column":10}},"70":{"start":{"line":71,"column":0},"end":{"line":71,"column":8}},"71":{"start":{"line":72,"column":0},"end":{"line":72,"column":7}},"72":{"start":{"line":73,"column":0},"end":{"line":73,"column":26}},"73":{"start":{"line":74,"column":0},"end":{"line":74,"column":27}},"74":{"start":{"line":75,"column":0},"end":{"line":75,"column":59}},"76":{"start":{"line":77,"column":0},"end":{"line":77,"column":18}},"77":{"start":{"line":78,"column":0},"end":{"line":78,"column":29}},"78":{"start":{"line":79,"column":0},"end":{"line":79,"column":51}},"79":{"start":{"line":80,"column":0},"end":{"line":80,"column":12}},"80":{"start":{"line":81,"column":0},"end":{"line":81,"column":10}},"81":{"start":{"line":82,"column":0},"end":{"line":82,"column":8}},"82":{"start":{"line":83,"column":0},"end":{"line":83,"column":6}},"83":{"start":{"line":84,"column":0},"end":{"line":84,"column":4}},"84":{"start":{"line":85,"column":0},"end":{"line":85,"column":3}},"86":{"start":{"line":87,"column":0},"end":{"line":87,"column":36}},"87":{"start":{"line":88,"column":0},"end":{"line":88,"column":44}},"88":{"start":{"line":89,"column":0},"end":{"line":89,"column":2}}},"s":{"0":1,"6":1,"7":1,"8":1,"9":1,"11":0,"12":0,"14":0,"16":0,"17":0,"18":0,"19":0,"20":0,"21":0,"22":0,"23":0,"24":0,"26":0,"27":0,"29":1,"30":1,"31":1,"32":1,"33":1,"34":1,"35":1,"36":1,"37":1,"38":1,"39":3,"40":3,"41":3,"42":3,"44":3,"45":3,"46":1,"47":1,"48":1,"49":1,"50":0,"52":0,"53":0,"54":0,"55":0,"56":0,"57":1,"58":1,"59":1,"60":1,"61":1,"62":1,"63":0,"65":0,"66":0,"67":0,"68":0,"69":0,"70":1,"71":1,"72":1,"73":1,"74":0,"76":0,"77":0,"78":0,"79":0,"80":0,"81":1,"82":1,"83":1,"84":1,"86":1,"87":0,"88":0},"branchMap":{"0":{"type":"branch","line":39,"loc":{"start":{"line":39,"column":16},"end":{"line":46,"column":10}},"locations":[{"start":{"line":39,"column":16},"end":{"line":46,"column":10}}]},"1":{"type":"branch","line":41,"loc":{"start":{"line":41,"column":52},"end":{"line":41,"column":60}},"locations":[{"start":{"line":41,"column":52},"end":{"line":41,"column":60}}]},"2":{"type":"branch","line":42,"loc":{"start":{"line":42,"column":59},"end":{"line":42,"column":69}},"locations":[{"start":{"line":42,"column":59},"end":{"line":42,"column":69}}]}},"b":{"0":[3],"1":[2],"2":[2]},"fnMap":{"0":{"name":"ErrorBoundaryWrapper","decl":{"start":{"line":12,"column":0},"end":{"line":28,"column":1}},"loc":{"start":{"line":12,"column":0},"end":{"line":28,"column":1}},"line":12},"1":{"name":"loader","decl":{"start":{"line":39,"column":16},"end":{"line":46,"column":10}},"loc":{"start":{"line":39,"column":16},"end":{"line":46,"column":10}},"line":39},"2":{"name":"lazy","decl":{"start":{"line":50,"column":18},"end":{"line":57,"column":14}},"loc":{"start":{"line":50,"column":18},"end":{"line":57,"column":14}},"line":50},"3":{"name":"lazy","decl":{"start":{"line":63,"column":14},"end":{"line":70,"column":10}},"loc":{"start":{"line":63,"column":14},"end":{"line":70,"column":10}},"line":63},"4":{"name":"lazy","decl":{"start":{"line":74,"column":14},"end":{"line":81,"column":10}},"loc":{"start":{"line":74,"column":14},"end":{"line":81,"column":10}},"line":74},"5":{"name":"RouteProvider","decl":{"start":{"line":87,"column":29},"end":{"line":89,"column":2}},"loc":{"start":{"line":87,"column":29},"end":{"line":89,"column":2}},"line":87}},"f":{"0":0,"1":3,"2":0,"3":0,"4":0,"5":0}}
,"C:\\Users\\Дария\\Desktop\\rick-morty\\src\\components\\ErrorBoundary\\ui\\ErrorBoundary.tsx": {"path":"C:\\Users\\Дария\\Desktop\\rick-morty\\src\\components\\ErrorBoundary\\ui\\ErrorBoundary.tsx","all":false,"statementMap":{"0":{"start":{"line":1,"column":0},"end":{"line":1,"column":66}},"1":{"start":{"line":2,"column":0},"end":{"line":2,"column":46}},"12":{"start":{"line":13,"column":0},"end":{"line":13,"column":79}},"13":{"start":{"line":14,"column":0},"end":{"line":14,"column":42}},"14":{"start":{"line":15,"column":0},"end":{"line":15,"column":17}},"15":{"start":{"line":16,"column":0},"end":{"line":16,"column":18}},"16":{"start":{"line":17,"column":0},"end":{"line":17,"column":22}},"17":{"start":{"line":18,"column":0},"end":{"line":18,"column":20}},"18":{"start":{"line":19,"column":0},"end":{"line":19,"column":6}},"19":{"start":{"line":20,"column":0},"end":{"line":20,"column":3}},"21":{"start":{"line":22,"column":0},"end":{"line":22,"column":78}},"22":{"start":{"line":23,"column":0},"end":{"line":23,"column":56}},"23":{"start":{"line":24,"column":0},"end":{"line":24,"column":3}},"25":{"start":{"line":26,"column":0},"end":{"line":26,"column":52}},"26":{"start":{"line":27,"column":0},"end":{"line":27,"column":59}},"27":{"start":{"line":28,"column":0},"end":{"line":28,"column":3}},"29":{"start":{"line":30,"column":0},"end":{"line":30,"column":12}},"30":{"start":{"line":31,"column":0},"end":{"line":31,"column":30}},"31":{"start":{"line":32,"column":0},"end":{"line":32,"column":63}},"32":{"start":{"line":33,"column":0},"end":{"line":33,"column":5}},"34":{"start":{"line":35,"column":0},"end":{"line":35,"column":31}},"35":{"start":{"line":36,"column":0},"end":{"line":36,"column":3}},"36":{"start":{"line":37,"column":0},"end":{"line":37,"column":1}}},"s":{"0":1,"1":1,"12":1,"13":1,"14":4,"15":4,"16":4,"17":4,"18":4,"19":4,"21":1,"22":2,"23":2,"25":1,"26":0,"27":0,"29":1,"30":6,"31":3,"32":3,"34":3,"35":6,"36":1},"branchMap":{"0":{"type":"branch","line":14,"loc":{"start":{"line":14,"column":2},"end":{"line":20,"column":3}},"locations":[{"start":{"line":14,"column":2},"end":{"line":20,"column":3}}]},"1":{"type":"branch","line":22,"loc":{"start":{"line":22,"column":9},"end":{"line":24,"column":3}},"locations":[{"start":{"line":22,"column":9},"end":{"line":24,"column":3}}]},"2":{"type":"branch","line":30,"loc":{"start":{"line":30,"column":2},"end":{"line":36,"column":3}},"locations":[{"start":{"line":30,"column":2},"end":{"line":36,"column":3}}]},"3":{"type":"branch","line":31,"loc":{"start":{"line":31,"column":29},"end":{"line":35,"column":31}},"locations":[{"start":{"line":31,"column":29},"end":{"line":35,"column":31}}]}},"b":{"0":[4],"1":[2],"2":[6],"3":[3]},"fnMap":{"0":{"name":"ErrorBoundary","decl":{"start":{"line":14,"column":2},"end":{"line":20,"column":3}},"loc":{"start":{"line":14,"column":2},"end":{"line":20,"column":3}},"line":14},"1":{"name":"getDerivedStateFromError","decl":{"start":{"line":22,"column":9},"end":{"line":24,"column":3}},"loc":{"start":{"line":22,"column":9},"end":{"line":24,"column":3}},"line":22},"2":{"name":"componentDidCatch","decl":{"start":{"line":26,"column":2},"end":{"line":28,"column":3}},"loc":{"start":{"line":26,"column":2},"end":{"line":28,"column":3}},"line":26},"3":{"name":"render","decl":{"start":{"line":30,"column":2},"end":{"line":36,"column":3}},"loc":{"start":{"line":30,"column":2},"end":{"line":36,"column":3}},"line":30}},"f":{"0":4,"1":2,"2":0,"3":6}}
,"C:\\Users\\Дария\\Desktop\\rick-morty\\src\\components\\ErrorBoundary\\ui\\ErrorElement.tsx": {"path":"C:\\Users\\Дария\\Desktop\\rick-morty\\src\\components\\ErrorBoundary\\ui\\ErrorElement.tsx","all":false,"statementMap":{"1":{"start":{"line":2,"column":0},"end":{"line":2,"column":47}},"7":{"start":{"line":8,"column":0},"end":{"line":8,"column":80}},"8":{"start":{"line":9,"column":0},"end":{"line":9,"column":10}},"9":{"start":{"line":10,"column":0},"end":{"line":10,"column":39}},"10":{"start":{"line":11,"column":0},"end":{"line":11,"column":66}},"11":{"start":{"line":12,"column":0},"end":{"line":12,"column":63}},"12":{"start":{"line":13,"column":0},"end":{"line":13,"column":77}},"14":{"start":{"line":15,"column":0},"end":{"line":15,"column":15}},"15":{"start":{"line":16,"column":0},"end":{"line":16,"column":10}},"17":{"start":{"line":18,"column":0},"end":{"line":18,"column":2}}},"s":{"1":1,"7":1,"8":2,"9":2,"10":2,"11":2,"12":2,"14":2,"15":2,"17":2},"branchMap":{"0":{"type":"branch","line":8,"loc":{"start":{"line":8,"column":28},"end":{"line":18,"column":2}},"locations":[{"start":{"line":8,"column":28},"end":{"line":18,"column":2}}]},"1":{"type":"branch","line":12,"loc":{"start":{"line":12,"column":7},"end":{"line":12,"column":63}},"locations":[{"start":{"line":12,"column":7},"end":{"line":12,"column":63}}]},"2":{"type":"branch","line":13,"loc":{"start":{"line":13,"column":52},"end":{"line":13,"column":77}},"locations":[{"start":{"line":13,"column":52},"end":{"line":13,"column":77}}]}},"b":{"0":[2],"1":[1],"2":[1]},"fnMap":{"0":{"name":"ErrorElement","decl":{"start":{"line":8,"column":28},"end":{"line":18,"column":2}},"loc":{"start":{"line":8,"column":28},"end":{"line":18,"column":2}},"line":8},"1":{"name":"onClick","decl":{"start":{"line":13,"column":52},"end":{"line":13,"column":77}},"loc":{"start":{"line":13,"column":52},"end":{"line":13,"column":77}},"line":13}},"f":{"0":2,"1":1}}
,"C:\\Users\\Дария\\Desktop\\rick-morty\\src\\components\\List\\ui\\List.tsx": {"path":"C:\\Users\\Дария\\Desktop\\rick-morty\\src\\components\\List\\ui\\List.tsx","all":false,"statementMap":{"0":{"start":{"line":1,"column":0},"end":{"line":1,"column":26}},"1":{"start":{"line":2,"column":0},"end":{"line":2,"column":39}},"2":{"start":{"line":3,"column":0},"end":{"line":3,"column":60}},"3":{"start":{"line":4,"column":0},"end":{"line":4,"column":55}},"10":{"start":{"line":11,"column":0},"end":{"line":11,"column":51}},"11":{"start":{"line":12,"column":0},"end":{"line":12,"column":33}},"12":{"start":{"line":13,"column":0},"end":{"line":13,"column":33}},"14":{"start":{"line":15,"column":0},"end":{"line":15,"column":68}},"15":{"start":{"line":16,"column":0},"end":{"line":16,"column":24}},"16":{"start":{"line":17,"column":0},"end":{"line":17,"column":53}},"17":{"start":{"line":18,"column":0},"end":{"line":18,"column":4}},"19":{"start":{"line":20,"column":0},"end":{"line":20,"column":10}},"20":{"start":{"line":21,"column":0},"end":{"line":21,"column":38}},"21":{"start":{"line":22,"column":0},"end":{"line":22,"column":29}},"22":{"start":{"line":23,"column":0},"end":{"line":23,"column":11}},"23":{"start":{"line":24,"column":0},"end":{"line":24,"column":23}},"24":{"start":{"line":25,"column":0},"end":{"line":25,"column":41}},"25":{"start":{"line":26,"column":0},"end":{"line":26,"column":32}},"26":{"start":{"line":27,"column":0},"end":{"line":27,"column":54}},"28":{"start":{"line":29,"column":0},"end":{"line":29,"column":77}},"29":{"start":{"line":30,"column":0},"end":{"line":30,"column":65}},"30":{"start":{"line":31,"column":0},"end":{"line":31,"column":23}},"31":{"start":{"line":32,"column":0},"end":{"line":32,"column":15}},"32":{"start":{"line":33,"column":0},"end":{"line":33,"column":75}},"33":{"start":{"line":34,"column":0},"end":{"line":34,"column":13}},"34":{"start":{"line":35,"column":0},"end":{"line":35,"column":9}},"35":{"start":{"line":36,"column":0},"end":{"line":36,"column":9}},"37":{"start":{"line":38,"column":0},"end":{"line":38,"column":2}}},"s":{"0":1,"1":1,"2":1,"3":1,"10":1,"11":4,"12":4,"14":4,"15":1,"16":1,"17":1,"19":4,"20":4,"21":4,"22":6,"23":6,"24":6,"25":6,"26":6,"28":6,"29":6,"30":6,"31":6,"32":6,"33":6,"34":4,"35":4,"37":4},"branchMap":{"0":{"type":"branch","line":11,"loc":{"start":{"line":11,"column":34},"end":{"line":38,"column":2}},"locations":[{"start":{"line":11,"column":34},"end":{"line":38,"column":2}}]},"1":{"type":"branch","line":15,"loc":{"start":{"line":15,"column":26},"end":{"line":18,"column":4}},"locations":[{"start":{"line":15,"column":26},"end":{"line":18,"column":4}}]},"2":{"type":"branch","line":22,"loc":{"start":{"line":22,"column":18},"end":{"line":34,"column":13}},"locations":[{"start":{"line":22,"column":18},"end":{"line":34,"column":13}}]},"3":{"type":"branch","line":27,"loc":{"start":{"line":27,"column":19},"end":{"line":27,"column":54}},"locations":[{"start":{"line":27,"column":19},"end":{"line":27,"column":54}}]}},"b":{"0":[4],"1":[1],"2":[6],"3":[1]},"fnMap":{"0":{"name":"List","decl":{"start":{"line":11,"column":34},"end":{"line":38,"column":2}},"loc":{"start":{"line":11,"column":34},"end":{"line":38,"column":2}},"line":11},"1":{"name":"handleCardClick","decl":{"start":{"line":15,"column":26},"end":{"line":18,"column":4}},"loc":{"start":{"line":15,"column":26},"end":{"line":18,"column":4}},"line":15},"2":{"name":"onClick","decl":{"start":{"line":27,"column":19},"end":{"line":27,"column":54}},"loc":{"start":{"line":27,"column":19},"end":{"line":27,"column":54}},"line":27}},"f":{"0":4,"1":1,"2":1}}
,"C:\\Users\\Дария\\Desktop\\rick-morty\\src\\components\\Loader\\ui\\Loader.tsx": {"path":"C:\\Users\\Дария\\Desktop\\rick-morty\\src\\components\\Loader\\ui\\Loader.tsx","all":false,"statementMap":{"0":{"start":{"line":1,"column":0},"end":{"line":1,"column":33}},"1":{"start":{"line":2,"column":0},"end":{"line":2,"column":48}},"2":{"start":{"line":3,"column":0},"end":{"line":3,"column":41}},"4":{"start":{"line":5,"column":0},"end":{"line":5,"column":41}},"5":{"start":{"line":6,"column":0},"end":{"line":6,"column":10}},"6":{"start":{"line":7,"column":0},"end":{"line":7,"column":34}},"7":{"start":{"line":8,"column":0},"end":{"line":8,"column":68}},"8":{"start":{"line":9,"column":0},"end":{"line":9,"column":10}},"10":{"start":{"line":11,"column":0},"end":{"line":11,"column":2}}},"s":{"0":1,"1":1,"2":1,"4":1,"5":3,"6":3,"7":3,"8":3,"10":3},"branchMap":{"0":{"type":"branch","line":5,"loc":{"start":{"line":5,"column":34},"end":{"line":11,"column":2}},"locations":[{"start":{"line":5,"column":34},"end":{"line":11,"column":2}}]}},"b":{"0":[3]},"fnMap":{"0":{"name":"Loader","decl":{"start":{"line":5,"column":34},"end":{"line":11,"column":2}},"loc":{"start":{"line":5,"column":34},"end":{"line":11,"column":2}},"line":5}},"f":{"0":3}}
,"C:\\Users\\Дария\\Desktop\\rick-morty\\src\\components\\Pagination\\ui\\Pagination.tsx": {"path":"C:\\Users\\Дария\\Desktop\\rick-morty\\src\\components\\Pagination\\ui\\Pagination.tsx","all":false,"statementMap":{"0":{"start":{"line":1,"column":0},"end":{"line":1,"column":26}},"1":{"start":{"line":2,"column":0},"end":{"line":2,"column":45}},"2":{"start":{"line":3,"column":0},"end":{"line":3,"column":48}},"3":{"start":{"line":4,"column":0},"end":{"line":4,"column":61}},"12":{"start":{"line":13,"column":0},"end":{"line":13,"column":48}},"13":{"start":{"line":14,"column":0},"end":{"line":14,"column":12}},"14":{"start":{"line":15,"column":0},"end":{"line":15,"column":14}},"15":{"start":{"line":16,"column":0},"end":{"line":16,"column":11}},"16":{"start":{"line":17,"column":0},"end":{"line":17,"column":15}},"17":{"start":{"line":18,"column":0},"end":{"line":18,"column":7}},"18":{"start":{"line":19,"column":0},"end":{"line":19,"column":67}},"20":{"start":{"line":21,"column":0},"end":{"line":21,"column":10}},"21":{"start":{"line":22,"column":0},"end":{"line":22,"column":33}},"22":{"start":{"line":23,"column":0},"end":{"line":23,"column":13}},"23":{"start":{"line":24,"column":0},"end":{"line":24,"column":36}},"24":{"start":{"line":25,"column":0},"end":{"line":25,"column":36}},"25":{"start":{"line":26,"column":0},"end":{"line":26,"column":22}},"26":{"start":{"line":27,"column":0},"end":{"line":27,"column":71}},"29":{"start":{"line":30,"column":0},"end":{"line":30,"column":66}},"30":{"start":{"line":31,"column":0},"end":{"line":31,"column":15}},"32":{"start":{"line":33,"column":0},"end":{"line":33,"column":27}},"33":{"start":{"line":34,"column":0},"end":{"line":34,"column":15}},"34":{"start":{"line":35,"column":0},"end":{"line":35,"column":17}},"35":{"start":{"line":36,"column":0},"end":{"line":36,"column":21}},"36":{"start":{"line":37,"column":0},"end":{"line":37,"column":24}},"37":{"start":{"line":38,"column":0},"end":{"line":38,"column":31}},"38":{"start":{"line":39,"column":0},"end":{"line":39,"column":34}},"39":{"start":{"line":40,"column":0},"end":{"line":40,"column":49}},"40":{"start":{"line":41,"column":0},"end":{"line":41,"column":28}},"42":{"start":{"line":43,"column":0},"end":{"line":43,"column":68}},"44":{"start":{"line":45,"column":0},"end":{"line":45,"column":14}},"45":{"start":{"line":46,"column":0},"end":{"line":46,"column":17}},"46":{"start":{"line":47,"column":0},"end":{"line":47,"column":9}},"48":{"start":{"line":49,"column":0},"end":{"line":49,"column":13}},"49":{"start":{"line":50,"column":0},"end":{"line":50,"column":37}},"50":{"start":{"line":51,"column":0},"end":{"line":51,"column":44}},"51":{"start":{"line":52,"column":0},"end":{"line":52,"column":22}},"52":{"start":{"line":53,"column":0},"end":{"line":53,"column":79}},"55":{"start":{"line":56,"column":0},"end":{"line":56,"column":71}},"56":{"start":{"line":57,"column":0},"end":{"line":57,"column":15}},"57":{"start":{"line":58,"column":0},"end":{"line":58,"column":10}},"59":{"start":{"line":60,"column":0},"end":{"line":60,"column":2}}},"s":{"0":1,"1":1,"2":1,"3":1,"12":1,"13":8,"14":8,"15":8,"16":8,"17":8,"18":8,"20":8,"21":8,"22":8,"23":8,"24":8,"25":8,"26":1,"29":8,"30":8,"32":8,"33":26,"34":26,"35":26,"36":26,"37":4,"38":22,"39":7,"40":15,"42":26,"44":26,"45":26,"46":8,"48":8,"49":8,"50":8,"51":8,"52":1,"55":8,"56":8,"57":8,"59":8},"branchMap":{"0":{"type":"branch","line":13,"loc":{"start":{"line":13,"column":46},"end":{"line":60,"column":2}},"locations":[{"start":{"line":13,"column":46},"end":{"line":60,"column":2}}]},"1":{"type":"branch","line":26,"loc":{"start":{"line":26,"column":17},"end":{"line":27,"column":71}},"locations":[{"start":{"line":26,"column":17},"end":{"line":27,"column":71}}]},"2":{"type":"branch","line":27,"loc":{"start":{"line":27,"column":55},"end":{"line":27,"column":70}},"locations":[{"start":{"line":27,"column":55},"end":{"line":27,"column":70}}]},"3":{"type":"branch","line":33,"loc":{"start":{"line":33,"column":15},"end":{"line":46,"column":17}},"locations":[{"start":{"line":33,"column":15},"end":{"line":46,"column":17}}]},"4":{"type":"branch","line":37,"loc":{"start":{"line":37,"column":19},"end":{"line":38,"column":31}},"locations":[{"start":{"line":37,"column":19},"end":{"line":38,"column":31}}]},"5":{"type":"branch","line":38,"loc":{"start":{"line":38,"column":22},"end":{"line":41,"column":28}},"locations":[{"start":{"line":38,"column":22},"end":{"line":41,"column":28}}]},"6":{"type":"branch","line":39,"loc":{"start":{"line":39,"column":32},"end":{"line":40,"column":49}},"locations":[{"start":{"line":39,"column":32},"end":{"line":40,"column":49}}]},"7":{"type":"branch","line":40,"loc":{"start":{"line":40,"column":47},"end":{"line":41,"column":28}},"locations":[{"start":{"line":40,"column":47},"end":{"line":41,"column":28}}]},"8":{"type":"branch","line":43,"loc":{"start":{"line":43,"column":19},"end":{"line":43,"column":68}},"locations":[{"start":{"line":43,"column":19},"end":{"line":43,"column":68}}]},"9":{"type":"branch","line":43,"loc":{"start":{"line":43,"column":39},"end":{"line":43,"column":68}},"locations":[{"start":{"line":43,"column":39},"end":{"line":43,"column":68}}]},"10":{"type":"branch","line":52,"loc":{"start":{"line":52,"column":17},"end":{"line":53,"column":79}},"locations":[{"start":{"line":52,"column":17},"end":{"line":53,"column":79}}]},"11":{"type":"branch","line":53,"loc":{"start":{"line":53,"column":63},"end":{"line":53,"column":78}},"locations":[{"start":{"line":53,"column":63},"end":{"line":53,"column":78}}]}},"b":{"0":[8],"1":[1],"2":[0],"3":[26],"4":[4],"5":[22],"6":[7],"7":[15],"8":[1],"9":[0],"10":[1],"11":[0]},"fnMap":{"0":{"name":"Pagination","decl":{"start":{"line":13,"column":46},"end":{"line":60,"column":2}},"loc":{"start":{"line":13,"column":46},"end":{"line":60,"column":2}},"line":13},"1":{"name":"onClick","decl":{"start":{"line":26,"column":17},"end":{"line":27,"column":71}},"loc":{"start":{"line":26,"column":17},"end":{"line":27,"column":71}},"line":26},"2":{"name":"onClick","decl":{"start":{"line":43,"column":19},"end":{"line":43,"column":68}},"loc":{"start":{"line":43,"column":19},"end":{"line":43,"column":68}},"line":43},"3":{"name":"onClick","decl":{"start":{"line":52,"column":17},"end":{"line":53,"column":79}},"loc":{"start":{"line":52,"column":17},"end":{"line":53,"column":79}},"line":52}},"f":{"0":8,"1":1,"2":1,"3":1}}
,"C:\\Users\\Дария\\Desktop\\rick-morty\\src\\features\\Search\\hooks\\useSearchQuery.tsx": {"path":"C:\\Users\\Дария\\Desktop\\rick-morty\\src\\features\\Search\\hooks\\useSearchQuery.tsx","all":true,"statementMap":{"0":{"start":{"line":1,"column":0},"end":{"line":1,"column":81}},"1":{"start":{"line":2,"column":0},"end":{"line":2,"column":0}},"2":{"start":{"line":3,"column":0},"end":{"line":3,"column":37}},"3":{"start":{"line":4,"column":0},"end":{"line":4,"column":0}},"4":{"start":{"line":5,"column":0},"end":{"line":5,"column":65}},"5":{"start":{"line":6,"column":0},"end":{"line":6,"column":50}},"6":{"start":{"line":7,"column":0},"end":{"line":7,"column":2}},"7":{"start":{"line":8,"column":0},"end":{"line":8,"column":0}},"8":{"start":{"line":9,"column":0},"end":{"line":9,"column":26}}},"s":{"0":0,"1":0,"2":0,"3":0,"4":0,"5":0,"6":0,"7":0,"8":0},"branchMap":{"0":{"type":"branch","line":1,"loc":{"start":{"line":1,"column":0},"end":{"line":9,"column":26}},"locations":[{"start":{"line":1,"column":0},"end":{"line":9,"column":26}}]}},"b":{"0":[0]},"fnMap":{"0":{"name":"(empty-report)","decl":{"start":{"line":1,"column":0},"end":{"line":9,"column":26}},"loc":{"start":{"line":1,"column":0},"end":{"line":9,"column":26}},"line":1}},"f":{"0":0}}
,"C:\\Users\\Дария\\Desktop\\rick-morty\\src\\features\\Search\\ui\\Search.tsx": {"path":"C:\\Users\\Дария\\Desktop\\rick-morty\\src\\features\\Search\\ui\\Search.tsx","all":false,"statementMap":{"0":{"start":{"line":1,"column":0},"end":{"line":1,"column":74}},"1":{"start":{"line":2,"column":0},"end":{"line":2,"column":41}},"9":{"start":{"line":10,"column":0},"end":{"line":10,"column":44}},"10":{"start":{"line":11,"column":0},"end":{"line":11,"column":61}},"11":{"start":{"line":12,"column":0},"end":{"line":12,"column":50}},"13":{"start":{"line":14,"column":0},"end":{"line":14,"column":45}},"14":{"start":{"line":15,"column":0},"end":{"line":15,"column":35}},"16":{"start":{"line":17,"column":0},"end":{"line":17,"column":23}},"17":{"start":{"line":18,"column":0},"end":{"line":18,"column":35}},"18":{"start":{"line":19,"column":0},"end":{"line":19,"column":12}},"19":{"start":{"line":20,"column":0},"end":{"line":20,"column":25}},"20":{"start":{"line":21,"column":0},"end":{"line":21,"column":5}},"21":{"start":{"line":22,"column":0},"end":{"line":22,"column":14}},"23":{"start":{"line":24,"column":0},"end":{"line":24,"column":19}},"24":{"start":{"line":25,"column":0},"end":{"line":25,"column":22}},"25":{"start":{"line":26,"column":0},"end":{"line":26,"column":24}},"27":{"start":{"line":28,"column":0},"end":{"line":28,"column":79}},"28":{"start":{"line":29,"column":0},"end":{"line":29,"column":40}},"30":{"start":{"line":31,"column":0},"end":{"line":31,"column":26}},"31":{"start":{"line":32,"column":0},"end":{"line":32,"column":4}},"33":{"start":{"line":34,"column":0},"end":{"line":34,"column":77}},"34":{"start":{"line":35,"column":0},"end":{"line":35,"column":23}},"35":{"start":{"line":36,"column":0},"end":{"line":36,"column":38}},"36":{"start":{"line":37,"column":0},"end":{"line":37,"column":4}},"38":{"start":{"line":39,"column":0},"end":{"line":39,"column":68}},"39":{"start":{"line":40,"column":0},"end":{"line":40,"column":23}},"40":{"start":{"line":41,"column":0},"end":{"line":41,"column":23}},"41":{"start":{"line":42,"column":0},"end":{"line":42,"column":30}},"42":{"start":{"line":43,"column":0},"end":{"line":43,"column":26}},"43":{"start":{"line":44,"column":0},"end":{"line":44,"column":4}},"45":{"start":{"line":46,"column":0},"end":{"line":46,"column":10}},"46":{"start":{"line":47,"column":0},"end":{"line":47,"column":9}},"47":{"start":{"line":48,"column":0},"end":{"line":48,"column":36}},"48":{"start":{"line":49,"column":0},"end":{"line":49,"column":35}},"49":{"start":{"line":50,"column":0},"end":{"line":50,"column":31}},"51":{"start":{"line":52,"column":0},"end":{"line":52,"column":37}},"52":{"start":{"line":53,"column":0},"end":{"line":53,"column":14}},"53":{"start":{"line":54,"column":0},"end":{"line":54,"column":24}},"54":{"start":{"line":55,"column":0},"end":{"line":55,"column":21}},"55":{"start":{"line":56,"column":0},"end":{"line":56,"column":33}},"56":{"start":{"line":57,"column":0},"end":{"line":57,"column":29}},"57":{"start":{"line":58,"column":0},"end":{"line":58,"column":40}},"58":{"start":{"line":59,"column":0},"end":{"line":59,"column":44}},"59":{"start":{"line":60,"column":0},"end":{"line":60,"column":17}},"60":{"start":{"line":61,"column":0},"end":{"line":61,"column":15}},"61":{"start":{"line":62,"column":0},"end":{"line":62,"column":22}},"62":{"start":{"line":63,"column":0},"end":{"line":63,"column":28}},"63":{"start":{"line":64,"column":0},"end":{"line":64,"column":21}},"64":{"start":{"line":65,"column":0},"end":{"line":65,"column":23}},"65":{"start":{"line":66,"column":0},"end":{"line":66,"column":63}},"66":{"start":{"line":67,"column":0},"end":{"line":67,"column":36}},"68":{"start":{"line":69,"column":0},"end":{"line":69,"column":9}},"70":{"start":{"line":71,"column":0},"end":{"line":71,"column":17}},"71":{"start":{"line":72,"column":0},"end":{"line":72,"column":14}},"73":{"start":{"line":74,"column":0},"end":{"line":74,"column":60}},"75":{"start":{"line":76,"column":0},"end":{"line":76,"column":15}},"76":{"start":{"line":77,"column":0},"end":{"line":77,"column":11}},"78":{"start":{"line":79,"column":0},"end":{"line":79,"column":2}}},"s":{"0":1,"1":1,"9":1,"10":23,"11":23,"13":23,"14":8,"16":8,"17":2,"18":8,"19":6,"20":6,"21":23,"23":23,"24":8,"25":23,"27":23,"28":10,"30":10,"31":10,"33":23,"34":1,"35":1,"36":1,"38":23,"39":1,"40":1,"41":1,"42":1,"43":1,"45":23,"46":23,"47":23,"48":23,"49":23,"51":23,"52":23,"53":23,"54":23,"55":23,"56":23,"57":23,"58":23,"59":23,"60":23,"61":23,"62":23,"63":23,"64":23,"65":14,"66":9,"68":23,"70":23,"71":23,"73":23,"75":23,"76":23,"78":23},"branchMap":{"0":{"type":"branch","line":10,"loc":{"start":{"line":10,"column":32},"end":{"line":79,"column":2}},"locations":[{"start":{"line":10,"column":32},"end":{"line":79,"column":2}}]},"1":{"type":"branch","line":65,"loc":{"start":{"line":65,"column":12},"end":{"line":66,"column":63}},"locations":[{"start":{"line":65,"column":12},"end":{"line":66,"column":63}}]},"2":{"type":"branch","line":66,"loc":{"start":{"line":66,"column":61},"end":{"line":67,"column":36}},"locations":[{"start":{"line":66,"column":61},"end":{"line":67,"column":36}}]},"3":{"type":"branch","line":14,"loc":{"start":{"line":14,"column":38},"end":{"line":22,"column":5}},"locations":[{"start":{"line":14,"column":38},"end":{"line":22,"column":5}}]},"4":{"type":"branch","line":17,"loc":{"start":{"line":17,"column":22},"end":{"line":19,"column":11}},"locations":[{"start":{"line":17,"column":22},"end":{"line":19,"column":11}}]},"5":{"type":"branch","line":19,"loc":{"start":{"line":19,"column":4},"end":{"line":21,"column":5}},"locations":[{"start":{"line":19,"column":4},"end":{"line":21,"column":5}}]},"6":{"type":"branch","line":24,"loc":{"start":{"line":24,"column":12},"end":{"line":26,"column":5}},"locations":[{"start":{"line":24,"column":12},"end":{"line":26,"column":5}}]},"7":{"type":"branch","line":28,"loc":{"start":{"line":28,"column":34},"end":{"line":32,"column":4}},"locations":[{"start":{"line":28,"column":34},"end":{"line":32,"column":4}}]},"8":{"type":"branch","line":34,"loc":{"start":{"line":34,"column":29},"end":{"line":37,"column":4}},"locations":[{"start":{"line":34,"column":29},"end":{"line":37,"column":4}}]},"9":{"type":"branch","line":39,"loc":{"start":{"line":39,"column":26},"end":{"line":44,"column":4}},"locations":[{"start":{"line":39,"column":26},"end":{"line":44,"column":4}}]}},"b":{"0":[23],"1":[14],"2":[9],"3":[8],"4":[2],"5":[6],"6":[8],"7":[10],"8":[1],"9":[1]},"fnMap":{"0":{"name":"Search","decl":{"start":{"line":10,"column":32},"end":{"line":79,"column":2}},"loc":{"start":{"line":10,"column":32},"end":{"line":79,"column":2}},"line":10},"1":{"name":"handleChangeSearchValue","decl":{"start":{"line":28,"column":34},"end":{"line":32,"column":4}},"loc":{"start":{"line":28,"column":34},"end":{"line":32,"column":4}},"line":28},"2":{"name":"handleSubmitSearch","decl":{"start":{"line":34,"column":29},"end":{"line":37,"column":4}},"loc":{"start":{"line":34,"column":29},"end":{"line":37,"column":4}},"line":34},"3":{"name":"handleResetForm","decl":{"start":{"line":39,"column":26},"end":{"line":44,"column":4}},"loc":{"start":{"line":39,"column":26},"end":{"line":44,"column":4}},"line":39}},"f":{"0":23,"1":10,"2":1,"3":1}}
,"C:\\Users\\Дария\\Desktop\\rick-morty\\src\\pages\\About\\About.tsx": {"path":"C:\\Users\\Дария\\Desktop\\rick-morty\\src\\pages\\About\\About.tsx","all":false,"statementMap":{"0":{"start":{"line":1,"column":0},"end":{"line":1,"column":26}},"1":{"start":{"line":2,"column":0},"end":{"line":2,"column":40}},"2":{"start":{"line":3,"column":0},"end":{"line":3,"column":43}},"3":{"start":{"line":4,"column":0},"end":{"line":4,"column":52}},"5":{"start":{"line":6,"column":0},"end":{"line":6,"column":38}},"6":{"start":{"line":7,"column":0},"end":{"line":7,"column":10}},"7":{"start":{"line":8,"column":0},"end":{"line":8,"column":62}},"8":{"start":{"line":9,"column":0},"end":{"line":9,"column":53}},"9":{"start":{"line":10,"column":0},"end":{"line":10,"column":58}},"11":{"start":{"line":12,"column":0},"end":{"line":12,"column":36}},"12":{"start":{"line":13,"column":0},"end":{"line":13,"column":16}},"13":{"start":{"line":14,"column":0},"end":{"line":14,"column":25}},"14":{"start":{"line":15,"column":0},"end":{"line":15,"column":38}},"15":{"start":{"line":16,"column":0},"end":{"line":16,"column":52}},"17":{"start":{"line":18,"column":0},"end":{"line":18,"column":9}},"19":{"start":{"line":20,"column":0},"end":{"line":20,"column":18}},"20":{"start":{"line":21,"column":0},"end":{"line":21,"column":12}},"22":{"start":{"line":23,"column":0},"end":{"line":23,"column":32}},"24":{"start":{"line":25,"column":0},"end":{"line":25,"column":10}},"26":{"start":{"line":27,"column":0},"end":{"line":27,"column":32}},"27":{"start":{"line":28,"column":0},"end":{"line":28,"column":10}},"28":{"start":{"line":29,"column":0},"end":{"line":29,"column":50}},"29":{"start":{"line":30,"column":0},"end":{"line":30,"column":25}},"30":{"start":{"line":31,"column":0},"end":{"line":31,"column":35}},"31":{"start":{"line":32,"column":0},"end":{"line":32,"column":32}},"32":{"start":{"line":33,"column":0},"end":{"line":33,"column":9}},"34":{"start":{"line":35,"column":0},"end":{"line":35,"column":12}},"36":{"start":{"line":37,"column":0},"end":{"line":37,"column":10}},"37":{"start":{"line":38,"column":0},"end":{"line":38,"column":10}},"39":{"start":{"line":40,"column":0},"end":{"line":40,"column":2}}},"s":{"0":1,"1":1,"2":1,"3":1,"5":1,"6":6,"7":6,"8":6,"9":6,"11":6,"12":6,"13":6,"14":6,"15":6,"17":6,"19":6,"20":6,"22":6,"24":6,"26":6,"27":6,"28":6,"29":6,"30":6,"31":6,"32":6,"34":6,"36":6,"37":6,"39":6},"branchMap":{"0":{"type":"branch","line":6,"loc":{"start":{"line":6,"column":31},"end":{"line":40,"column":2}},"locations":[{"start":{"line":6,"column":31},"end":{"line":40,"column":2}}]},"1":{"type":"branch","line":15,"loc":{"start":{"line":15,"column":21},"end":{"line":16,"column":52}},"locations":[{"start":{"line":15,"column":21},"end":{"line":16,"column":52}}]},"2":{"type":"branch","line":16,"loc":{"start":{"line":16,"column":29},"end":{"line":16,"column":52}},"locations":[{"start":{"line":16,"column":29},"end":{"line":16,"column":52}}]}},"b":{"0":[6],"1":[6],"2":[0]},"fnMap":{"0":{"name":"About","decl":{"start":{"line":6,"column":31},"end":{"line":40,"column":2}},"loc":{"start":{"line":6,"column":31},"end":{"line":40,"column":2}},"line":6},"1":{"name":"className","decl":{"start":{"line":15,"column":21},"end":{"line":16,"column":52}},"loc":{"start":{"line":15,"column":21},"end":{"line":16,"column":52}},"line":15}},"f":{"0":6,"1":6}}
,"C:\\Users\\Дария\\Desktop\\rick-morty\\src\\pages\\Hero\\Hero.tsx": {"path":"C:\\Users\\Дария\\Desktop\\rick-morty\\src\\pages\\Hero\\Hero.tsx","all":false,"statementMap":{"0":{"start":{"line":1,"column":0},"end":{"line":1,"column":60}},"2":{"start":{"line":3,"column":0},"end":{"line":3,"column":43}},"3":{"start":{"line":4,"column":0},"end":{"line":4,"column":39}},"4":{"start":{"line":5,"column":0},"end":{"line":5,"column":44}},"5":{"start":{"line":6,"column":0},"end":{"line":6,"column":60}},"7":{"start":{"line":8,"column":0},"end":{"line":8,"column":80}},"9":{"start":{"line":10,"column":0},"end":{"line":10,"column":20}},"10":{"start":{"line":11,"column":0},"end":{"line":11,"column":33}},"11":{"start":{"line":12,"column":0},"end":{"line":12,"column":37}},"12":{"start":{"line":13,"column":0},"end":{"line":13,"column":51}},"13":{"start":{"line":14,"column":0},"end":{"line":14,"column":47}},"15":{"start":{"line":16,"column":0},"end":{"line":16,"column":41}},"16":{"start":{"line":17,"column":0},"end":{"line":17,"column":21}},"17":{"start":{"line":18,"column":0},"end":{"line":18,"column":9}},"18":{"start":{"line":19,"column":0},"end":{"line":19,"column":73}},"20":{"start":{"line":21,"column":0},"end":{"line":21,"column":20}},"21":{"start":{"line":22,"column":0},"end":{"line":22,"column":13}},"22":{"start":{"line":23,"column":0},"end":{"line":23,"column":25}},"23":{"start":{"line":24,"column":0},"end":{"line":24,"column":15}},"24":{"start":{"line":25,"column":0},"end":{"line":25,"column":24}},"25":{"start":{"line":26,"column":0},"end":{"line":26,"column":5}},"26":{"start":{"line":27,"column":0},"end":{"line":27,"column":4}},"28":{"start":{"line":29,"column":0},"end":{"line":29,"column":19}},"29":{"start":{"line":30,"column":0},"end":{"line":30,"column":51}},"30":{"start":{"line":31,"column":0},"end":{"line":31,"column":39}},"32":{"start":{"line":33,"column":0},"end":{"line":33,"column":16}},"33":{"start":{"line":34,"column":0},"end":{"line":34,"column":21}},"35":{"start":{"line":36,"column":0},"end":{"line":36,"column":34}},"36":{"start":{"line":37,"column":0},"end":{"line":37,"column":47}},"37":{"start":{"line":38,"column":0},"end":{"line":38,"column":4}},"39":{"start":{"line":40,"column":0},"end":{"line":40,"column":16}},"40":{"start":{"line":41,"column":0},"end":{"line":41,"column":12}},"41":{"start":{"line":42,"column":0},"end":{"line":42,"column":37}},"42":{"start":{"line":43,"column":0},"end":{"line":43,"column":71}},"44":{"start":{"line":45,"column":0},"end":{"line":45,"column":17}},"45":{"start":{"line":46,"column":0},"end":{"line":46,"column":29}},"46":{"start":{"line":47,"column":0},"end":{"line":47,"column":12}},"48":{"start":{"line":49,"column":0},"end":{"line":49,"column":3}},"50":{"start":{"line":51,"column":0},"end":{"line":51,"column":14}},"51":{"start":{"line":52,"column":0},"end":{"line":52,"column":12}},"52":{"start":{"line":53,"column":0},"end":{"line":53,"column":37}},"53":{"start":{"line":54,"column":0},"end":{"line":54,"column":71}},"55":{"start":{"line":56,"column":0},"end":{"line":56,"column":17}},"56":{"start":{"line":57,"column":0},"end":{"line":57,"column":39}},"57":{"start":{"line":58,"column":0},"end":{"line":58,"column":12}},"59":{"start":{"line":60,"column":0},"end":{"line":60,"column":3}},"61":{"start":{"line":62,"column":0},"end":{"line":62,"column":71}},"63":{"start":{"line":64,"column":0},"end":{"line":64,"column":10}},"64":{"start":{"line":65,"column":0},"end":{"line":65,"column":6}},"65":{"start":{"line":66,"column":0},"end":{"line":66,"column":66}},"66":{"start":{"line":67,"column":0},"end":{"line":67,"column":56}},"67":{"start":{"line":68,"column":0},"end":{"line":68,"column":15}},"68":{"start":{"line":69,"column":0},"end":{"line":69,"column":29}},"69":{"start":{"line":70,"column":0},"end":{"line":70,"column":37}},"70":{"start":{"line":71,"column":0},"end":{"line":71,"column":36}},"71":{"start":{"line":72,"column":0},"end":{"line":72,"column":9}},"73":{"start":{"line":74,"column":0},"end":{"line":74,"column":17}},"75":{"start":{"line":76,"column":0},"end":{"line":76,"column":13}},"76":{"start":{"line":77,"column":0},"end":{"line":77,"column":67}},"77":{"start":{"line":78,"column":0},"end":{"line":78,"column":14}},"78":{"start":{"line":79,"column":0},"end":{"line":79,"column":51}},"80":{"start":{"line":81,"column":0},"end":{"line":81,"column":23}},"81":{"start":{"line":82,"column":0},"end":{"line":82,"column":41}},"82":{"start":{"line":83,"column":0},"end":{"line":83,"column":39}},"83":{"start":{"line":84,"column":0},"end":{"line":84,"column":14}},"85":{"start":{"line":86,"column":0},"end":{"line":86,"column":20}},"86":{"start":{"line":87,"column":0},"end":{"line":87,"column":41}},"87":{"start":{"line":88,"column":0},"end":{"line":88,"column":35}},"88":{"start":{"line":89,"column":0},"end":{"line":89,"column":14}},"90":{"start":{"line":91,"column":0},"end":{"line":91,"column":21}},"91":{"start":{"line":92,"column":0},"end":{"line":92,"column":41}},"92":{"start":{"line":93,"column":0},"end":{"line":93,"column":37}},"93":{"start":{"line":94,"column":0},"end":{"line":94,"column":14}},"95":{"start":{"line":96,"column":0},"end":{"line":96,"column":20}},"96":{"start":{"line":97,"column":0},"end":{"line":97,"column":41}},"97":{"start":{"line":98,"column":0},"end":{"line":98,"column":35}},"98":{"start":{"line":99,"column":0},"end":{"line":99,"column":14}},"100":{"start":{"line":101,"column":0},"end":{"line":101,"column":12}},"101":{"start":{"line":102,"column":0},"end":{"line":102,"column":7}},"103":{"start":{"line":104,"column":0},"end":{"line":104,"column":2}}},"s":{"0":1,"2":1,"3":1,"4":1,"5":1,"7":1,"9":1,"10":2,"11":2,"12":2,"13":2,"15":2,"16":1,"17":1,"18":1,"20":0,"21":1,"22":1,"23":1,"24":1,"25":1,"26":1,"28":2,"29":1,"30":1,"32":1,"33":2,"35":2,"36":0,"37":0,"39":2,"40":1,"41":1,"42":1,"44":1,"45":1,"46":1,"48":1,"50":1,"51":1,"52":1,"53":1,"55":1,"56":1,"57":1,"59":1,"61":0,"63":0,"64":0,"65":0,"66":0,"67":0,"68":0,"69":0,"70":0,"71":0,"73":0,"75":0,"76":0,"77":0,"78":0,"80":0,"81":0,"82":0,"83":0,"85":2,"86":0,"87":0,"88":0,"90":2,"91":0,"92":0,"93":0,"95":2,"96":0,"97":0,"98":0,"100":2,"101":2,"103":2},"branchMap":{"0":{"type":"branch","line":8,"loc":{"start":{"line":8,"column":14},"end":{"line":8,"column":80}},"locations":[{"start":{"line":8,"column":14},"end":{"line":8,"column":80}}]},"1":{"type":"branch","line":8,"loc":{"start":{"line":8,"column":42},"end":{"line":8,"column":78}},"locations":[{"start":{"line":8,"column":42},"end":{"line":8,"column":78}}]},"2":{"type":"branch","line":10,"loc":{"start":{"line":10,"column":13},"end":{"line":104,"column":2}},"locations":[{"start":{"line":10,"column":13},"end":{"line":104,"column":2}}]},"3":{"type":"branch","line":40,"loc":{"start":{"line":40,"column":15},"end":{"line":60,"column":3}},"locations":[{"start":{"line":40,"column":15},"end":{"line":60,"column":3}}]},"4":{"type":"branch","line":60,"loc":{"start":{"line":60,"column":2},"end":{"line":81,"column":23}},"locations":[{"start":{"line":60,"column":2},"end":{"line":81,"column":23}}]},"5":{"type":"branch","line":81,"loc":{"start":{"line":81,"column":14},"end":{"line":84,"column":14}},"locations":[{"start":{"line":81,"column":14},"end":{"line":84,"column":14}}]},"6":{"type":"branch","line":86,"loc":{"start":{"line":86,"column":9},"end":{"line":89,"column":14}},"locations":[{"start":{"line":86,"column":9},"end":{"line":89,"column":14}}]},"7":{"type":"branch","line":91,"loc":{"start":{"line":91,"column":9},"end":{"line":94,"column":14}},"locations":[{"start":{"line":91,"column":9},"end":{"line":94,"column":14}}]},"8":{"type":"branch","line":96,"loc":{"start":{"line":96,"column":9},"end":{"line":99,"column":14}},"locations":[{"start":{"line":96,"column":9},"end":{"line":99,"column":14}}]},"9":{"type":"branch","line":16,"loc":{"start":{"line":16,"column":18},"end":{"line":27,"column":4}},"locations":[{"start":{"line":16,"column":18},"end":{"line":27,"column":4}}]},"10":{"type":"branch","line":19,"loc":{"start":{"line":19,"column":71},"end":{"line":22,"column":12}},"locations":[{"start":{"line":19,"column":71},"end":{"line":22,"column":12}}]},"11":{"type":"branch","line":29,"loc":{"start":{"line":29,"column":12},"end":{"line":34,"column":5}},"locations":[{"start":{"line":29,"column":12},"end":{"line":34,"column":5}}]}},"b":{"0":[1],"1":[1],"2":[2],"3":[1],"4":[0],"5":[0],"6":[0],"7":[0],"8":[0],"9":[1],"10":[0],"11":[1]},"fnMap":{"0":{"name":"sleep","decl":{"start":{"line":8,"column":14},"end":{"line":8,"column":80}},"loc":{"start":{"line":8,"column":14},"end":{"line":8,"column":80}},"line":8},"1":{"name":"Hero","decl":{"start":{"line":10,"column":13},"end":{"line":104,"column":2}},"loc":{"start":{"line":10,"column":13},"end":{"line":104,"column":2}},"line":10},"2":{"name":"getData","decl":{"start":{"line":16,"column":18},"end":{"line":27,"column":4}},"loc":{"start":{"line":16,"column":18},"end":{"line":27,"column":4}},"line":16},"3":{"name":"handleCloseClick","decl":{"start":{"line":36,"column":27},"end":{"line":38,"column":4}},"loc":{"start":{"line":36,"column":27},"end":{"line":38,"column":4}},"line":36}},"f":{"0":1,"1":2,"2":1,"3":0}}
,"C:\\Users\\Дария\\Desktop\\rick-morty\\src\\pages\\Layout\\Layout.tsx": {"path":"C:\\Users\\Дария\\Desktop\\rick-morty\\src\\pages\\Layout\\Layout.tsx","all":false,"statementMap":{"1":{"start":{"line":2,"column":0},"end":{"line":2,"column":41}},"2":{"start":{"line":3,"column":0},"end":{"line":3,"column":42}},"4":{"start":{"line":5,"column":0},"end":{"line":5,"column":41}},"5":{"start":{"line":6,"column":0},"end":{"line":6,"column":10}},"6":{"start":{"line":7,"column":0},"end":{"line":7,"column":32}},"7":{"start":{"line":8,"column":0},"end":{"line":8,"column":16}},"8":{"start":{"line":9,"column":0},"end":{"line":9,"column":10}},"10":{"start":{"line":11,"column":0},"end":{"line":11,"column":2}}},"s":{"1":1,"2":1,"4":1,"5":2,"6":2,"7":2,"8":2,"10":2},"branchMap":{"0":{"type":"branch","line":5,"loc":{"start":{"line":5,"column":34},"end":{"line":11,"column":2}},"locations":[{"start":{"line":5,"column":34},"end":{"line":11,"column":2}}]}},"b":{"0":[2]},"fnMap":{"0":{"name":"Layout","decl":{"start":{"line":5,"column":34},"end":{"line":11,"column":2}},"loc":{"start":{"line":5,"column":34},"end":{"line":11,"column":2}},"line":5}},"f":{"0":2}}
,"C:\\Users\\Дария\\Desktop\\rick-morty\\src\\pages\\NotFound\\NotFound.tsx": {"path":"C:\\Users\\Дария\\Desktop\\rick-morty\\src\\pages\\NotFound\\NotFound.tsx","all":false,"statementMap":{"0":{"start":{"line":1,"column":0},"end":{"line":1,"column":43}},"2":{"start":{"line":3,"column":0},"end":{"line":3,"column":24}},"3":{"start":{"line":4,"column":0},"end":{"line":4,"column":10}},"4":{"start":{"line":5,"column":0},"end":{"line":5,"column":9}},"5":{"start":{"line":6,"column":0},"end":{"line":6,"column":46}},"6":{"start":{"line":7,"column":0},"end":{"line":7,"column":53}},"7":{"start":{"line":8,"column":0},"end":{"line":8,"column":10}},"9":{"start":{"line":10,"column":0},"end":{"line":10,"column":2}}},"s":{"0":1,"2":1,"3":3,"4":3,"5":3,"6":3,"7":3,"9":3},"branchMap":{"0":{"type":"branch","line":3,"loc":{"start":{"line":3,"column":17},"end":{"line":10,"column":2}},"locations":[{"start":{"line":3,"column":17},"end":{"line":10,"column":2}}]}},"b":{"0":[3]},"fnMap":{"0":{"name":"NotFound","decl":{"start":{"line":3,"column":17},"end":{"line":10,"column":2}},"loc":{"start":{"line":3,"column":17},"end":{"line":10,"column":2}},"line":3}},"f":{"0":3}}
,"C:\\Users\\Дария\\Desktop\\rick-morty\\src\\pages\\SearchPage\\SearchPage.tsx": {"path":"C:\\Users\\Дария\\Desktop\\rick-morty\\src\\pages\\SearchPage\\SearchPage.tsx","all":false,"statementMap":{"0":{"start":{"line":1,"column":0},"end":{"line":1,"column":54}},"1":{"start":{"line":2,"column":0},"end":{"line":2,"column":8}},"7":{"start":{"line":8,"column":0},"end":{"line":8,"column":45}},"8":{"start":{"line":9,"column":0},"end":{"line":9,"column":57}},"9":{"start":{"line":10,"column":0},"end":{"line":10,"column":49}},"10":{"start":{"line":11,"column":0},"end":{"line":11,"column":47}},"11":{"start":{"line":12,"column":0},"end":{"line":12,"column":54}},"12":{"start":{"line":13,"column":0},"end":{"line":13,"column":49}},"13":{"start":{"line":14,"column":0},"end":{"line":14,"column":45}},"23":{"start":{"line":24,"column":0},"end":{"line":24,"column":45}},"24":{"start":{"line":25,"column":0},"end":{"line":25,"column":60}},"26":{"start":{"line":27,"column":0},"end":{"line":27,"column":16}},"28":{"start":{"line":29,"column":0},"end":{"line":29,"column":48}},"29":{"start":{"line":30,"column":0},"end":{"line":30,"column":61}},"31":{"start":{"line":32,"column":0},"end":{"line":32,"column":55}},"32":{"start":{"line":33,"column":0},"end":{"line":33,"column":15}},"33":{"start":{"line":34,"column":0},"end":{"line":34,"column":18}},"34":{"start":{"line":35,"column":0},"end":{"line":35,"column":16}},"35":{"start":{"line":36,"column":0},"end":{"line":36,"column":18}},"36":{"start":{"line":37,"column":0},"end":{"line":37,"column":5}},"38":{"start":{"line":39,"column":0},"end":{"line":39,"column":19}},"39":{"start":{"line":40,"column":0},"end":{"line":40,"column":60}},"41":{"start":{"line":42,"column":0},"end":{"line":42,"column":24}},"42":{"start":{"line":43,"column":0},"end":{"line":43,"column":23}},"43":{"start":{"line":44,"column":0},"end":{"line":44,"column":19}},"44":{"start":{"line":45,"column":0},"end":{"line":45,"column":20}},"45":{"start":{"line":46,"column":0},"end":{"line":46,"column":39}},"46":{"start":{"line":47,"column":0},"end":{"line":47,"column":46}},"47":{"start":{"line":48,"column":0},"end":{"line":48,"column":27}},"48":{"start":{"line":49,"column":0},"end":{"line":49,"column":61}},"49":{"start":{"line":50,"column":0},"end":{"line":50,"column":13}},"50":{"start":{"line":51,"column":0},"end":{"line":51,"column":9}},"51":{"start":{"line":52,"column":0},"end":{"line":52,"column":8}},"52":{"start":{"line":53,"column":0},"end":{"line":53,"column":30}},"53":{"start":{"line":54,"column":0},"end":{"line":54,"column":76}},"54":{"start":{"line":55,"column":0},"end":{"line":55,"column":9}},"55":{"start":{"line":56,"column":0},"end":{"line":56,"column":20}},"57":{"start":{"line":58,"column":0},"end":{"line":58,"column":45}},"58":{"start":{"line":59,"column":0},"end":{"line":59,"column":49}},"59":{"start":{"line":60,"column":0},"end":{"line":60,"column":4}},"61":{"start":{"line":62,"column":0},"end":{"line":62,"column":31}},"62":{"start":{"line":63,"column":0},"end":{"line":63,"column":24}},"63":{"start":{"line":64,"column":0},"end":{"line":64,"column":4}},"65":{"start":{"line":66,"column":0},"end":{"line":66,"column":45}},"66":{"start":{"line":67,"column":0},"end":{"line":67,"column":57}},"67":{"start":{"line":68,"column":0},"end":{"line":68,"column":4}},"69":{"start":{"line":70,"column":0},"end":{"line":70,"column":48}},"71":{"start":{"line":72,"column":0},"end":{"line":72,"column":10}},"72":{"start":{"line":73,"column":0},"end":{"line":73,"column":9}},"73":{"start":{"line":74,"column":0},"end":{"line":74,"column":37}},"74":{"start":{"line":75,"column":0},"end":{"line":75,"column":16}},"75":{"start":{"line":76,"column":0},"end":{"line":76,"column":26}},"76":{"start":{"line":77,"column":0},"end":{"line":77,"column":38}},"77":{"start":{"line":78,"column":0},"end":{"line":78,"column":52}},"79":{"start":{"line":80,"column":0},"end":{"line":80,"column":9}},"81":{"start":{"line":82,"column":0},"end":{"line":82,"column":18}},"82":{"start":{"line":83,"column":0},"end":{"line":83,"column":12}},"84":{"start":{"line":85,"column":0},"end":{"line":85,"column":44}},"85":{"start":{"line":86,"column":0},"end":{"line":86,"column":15}},"86":{"start":{"line":87,"column":0},"end":{"line":87,"column":41}},"87":{"start":{"line":88,"column":0},"end":{"line":88,"column":39}},"88":{"start":{"line":89,"column":0},"end":{"line":89,"column":30}},"89":{"start":{"line":90,"column":0},"end":{"line":90,"column":10}},"90":{"start":{"line":91,"column":0},"end":{"line":91,"column":12}},"92":{"start":{"line":93,"column":0},"end":{"line":93,"column":18}},"93":{"start":{"line":94,"column":0},"end":{"line":94,"column":18}},"95":{"start":{"line":96,"column":0},"end":{"line":96,"column":10}},"96":{"start":{"line":97,"column":0},"end":{"line":97,"column":41}},"97":{"start":{"line":98,"column":0},"end":{"line":98,"column":34}},"98":{"start":{"line":99,"column":0},"end":{"line":99,"column":38}},"100":{"start":{"line":101,"column":0},"end":{"line":101,"column":63}},"102":{"start":{"line":103,"column":0},"end":{"line":103,"column":22}},"103":{"start":{"line":104,"column":0},"end":{"line":104,"column":16}},"105":{"start":{"line":106,"column":0},"end":{"line":106,"column":30}},"106":{"start":{"line":107,"column":0},"end":{"line":107,"column":23}},"107":{"start":{"line":108,"column":0},"end":{"line":108,"column":36}},"108":{"start":{"line":109,"column":0},"end":{"line":109,"column":32}},"109":{"start":{"line":110,"column":0},"end":{"line":110,"column":26}},"110":{"start":{"line":111,"column":0},"end":{"line":111,"column":41}},"111":{"start":{"line":112,"column":0},"end":{"line":112,"column":14}},"113":{"start":{"line":114,"column":0},"end":{"line":114,"column":11}},"115":{"start":{"line":116,"column":0},"end":{"line":116,"column":10}},"117":{"start":{"line":118,"column":0},"end":{"line":118,"column":2}}},"s":{"0":1,"1":1,"7":1,"8":1,"9":1,"10":1,"11":1,"12":1,"13":1,"23":1,"24":17,"26":17,"28":17,"29":17,"31":17,"32":17,"33":17,"34":17,"35":17,"36":17,"38":17,"39":6,"41":6,"42":6,"43":6,"44":6,"45":6,"46":6,"47":6,"48":6,"49":6,"50":6,"51":6,"52":6,"53":0,"54":6,"55":17,"57":17,"58":1,"59":1,"61":17,"62":1,"63":1,"65":17,"66":1,"67":1,"69":17,"71":17,"72":17,"73":17,"74":17,"75":17,"76":17,"77":17,"79":17,"81":17,"82":17,"84":17,"85":17,"86":17,"87":17,"88":17,"89":17,"90":17,"92":17,"93":10,"95":7,"96":7,"97":7,"98":4,"100":3,"102":7,"103":7,"105":7,"106":3,"107":3,"108":3,"109":3,"110":3,"111":3,"113":7,"115":17,"117":17},"branchMap":{"0":{"type":"branch","line":24,"loc":{"start":{"line":24,"column":38},"end":{"line":118,"column":2}},"locations":[{"start":{"line":24,"column":38},"end":{"line":118,"column":2}}]},"1":{"type":"branch","line":29,"loc":{"start":{"line":29,"column":40},"end":{"line":29,"column":48}},"locations":[{"start":{"line":29,"column":40},"end":{"line":29,"column":48}}]},"2":{"type":"branch","line":30,"loc":{"start":{"line":30,"column":47},"end":{"line":30,"column":57}},"locations":[{"start":{"line":30,"column":47},"end":{"line":30,"column":57}}]},"3":{"type":"branch","line":93,"loc":{"start":{"line":93,"column":7},"end":{"line":94,"column":18}},"locations":[{"start":{"line":93,"column":7},"end":{"line":94,"column":18}}]},"4":{"type":"branch","line":94,"loc":{"start":{"line":94,"column":16},"end":{"line":114,"column":11}},"locations":[{"start":{"line":94,"column":16},"end":{"line":114,"column":11}}]},"5":{"type":"branch","line":98,"loc":{"start":{"line":98,"column":29},"end":{"line":99,"column":38}},"locations":[{"start":{"line":98,"column":29},"end":{"line":99,"column":38}}]},"6":{"type":"branch","line":99,"loc":{"start":{"line":99,"column":36},"end":{"line":101,"column":63}},"locations":[{"start":{"line":99,"column":36},"end":{"line":101,"column":63}}]},"7":{"type":"branch","line":106,"loc":{"start":{"line":106,"column":24},"end":{"line":112,"column":14}},"locations":[{"start":{"line":106,"column":24},"end":{"line":112,"column":14}}]},"8":{"type":"branch","line":39,"loc":{"start":{"line":39,"column":12},"end":{"line":56,"column":5}},"locations":[{"start":{"line":39,"column":12},"end":{"line":56,"column":5}}]},"9":{"type":"branch","line":40,"loc":{"start":{"line":40,"column":13},"end":{"line":40,"column":58}},"locations":[{"start":{"line":40,"column":13},"end":{"line":40,"column":58}}]},"10":{"type":"branch","line":43,"loc":{"start":{"line":43,"column":12},"end":{"line":52,"column":7}},"locations":[{"start":{"line":43,"column":12},"end":{"line":52,"column":7}}]},"11":{"type":"branch","line":46,"loc":{"start":{"line":46,"column":25},"end":{"line":46,"column":39}},"locations":[{"start":{"line":46,"column":25},"end":{"line":46,"column":39}}]},"12":{"type":"branch","line":47,"loc":{"start":{"line":47,"column":35},"end":{"line":47,"column":46}},"locations":[{"start":{"line":47,"column":35},"end":{"line":47,"column":46}}]},"13":{"type":"branch","line":49,"loc":{"start":{"line":49,"column":24},"end":{"line":49,"column":56}},"locations":[{"start":{"line":49,"column":24},"end":{"line":49,"column":56}}]},"14":{"type":"branch","line":58,"loc":{"start":{"line":58,"column":25},"end":{"line":60,"column":4}},"locations":[{"start":{"line":58,"column":25},"end":{"line":60,"column":4}}]},"15":{"type":"branch","line":62,"loc":{"start":{"line":62,"column":24},"end":{"line":64,"column":4}},"locations":[{"start":{"line":62,"column":24},"end":{"line":64,"column":4}}]},"16":{"type":"branch","line":66,"loc":{"start":{"line":66,"column":23},"end":{"line":68,"column":4}},"locations":[{"start":{"line":66,"column":23},"end":{"line":68,"column":4}}]},"17":{"type":"branch","line":77,"loc":{"start":{"line":77,"column":21},"end":{"line":78,"column":52}},"locations":[{"start":{"line":77,"column":21},"end":{"line":78,"column":52}}]},"18":{"type":"branch","line":78,"loc":{"start":{"line":78,"column":12},"end":{"line":78,"column":42}},"locations":[{"start":{"line":78,"column":12},"end":{"line":78,"column":42}}]}},"b":{"0":[17],"1":[12],"2":[9],"3":[10],"4":[7],"5":[4],"6":[3],"7":[3],"8":[6],"9":[6],"10":[6],"11":[0],"12":[0],"13":[0],"14":[1],"15":[1],"16":[1],"17":[17],"18":[0]},"fnMap":{"0":{"name":"SearchPage","decl":{"start":{"line":24,"column":38},"end":{"line":118,"column":2}},"loc":{"start":{"line":24,"column":38},"end":{"line":118,"column":2}},"line":24},"1":{"name":"onSubmitSearch","decl":{"start":{"line":58,"column":25},"end":{"line":60,"column":4}},"loc":{"start":{"line":58,"column":25},"end":{"line":60,"column":4}},"line":58},"2":{"name":"onResetSearch","decl":{"start":{"line":62,"column":24},"end":{"line":64,"column":4}},"loc":{"start":{"line":62,"column":24},"end":{"line":64,"column":4}},"line":62},"3":{"name":"onChangePage","decl":{"start":{"line":66,"column":23},"end":{"line":68,"column":4}},"loc":{"start":{"line":66,"column":23},"end":{"line":68,"column":4}},"line":66},"4":{"name":"className","decl":{"start":{"line":77,"column":21},"end":{"line":78,"column":52}},"loc":{"start":{"line":77,"column":21},"end":{"line":78,"column":52}},"line":77}},"f":{"0":17,"1":1,"2":1,"3":1,"4":17}}
,"C:\\Users\\Дария\\Desktop\\rick-morty\\src\\shared\\helpers\\getPaginationArray.ts": {"path":"C:\\Users\\Дария\\Desktop\\rick-morty\\src\\shared\\helpers\\getPaginationArray.ts","all":false,"statementMap":{"0":{"start":{"line":1,"column":0},"end":{"line":1,"column":51}},"1":{"start":{"line":2,"column":0},"end":{"line":2,"column":48}},"3":{"start":{"line":4,"column":0},"end":{"line":4,"column":28}},"4":{"start":{"line":5,"column":0},"end":{"line":5,"column":20}},"5":{"start":{"line":6,"column":0},"end":{"line":6,"column":15}},"6":{"start":{"line":7,"column":0},"end":{"line":7,"column":18}},"7":{"start":{"line":8,"column":0},"end":{"line":8,"column":6}},"8":{"start":{"line":9,"column":0},"end":{"line":9,"column":56}},"10":{"start":{"line":11,"column":0},"end":{"line":11,"column":27}},"11":{"start":{"line":12,"column":0},"end":{"line":12,"column":34}},"12":{"start":{"line":13,"column":0},"end":{"line":13,"column":23}},"14":{"start":{"line":15,"column":0},"end":{"line":15,"column":40}},"15":{"start":{"line":16,"column":0},"end":{"line":16,"column":65}},"16":{"start":{"line":17,"column":0},"end":{"line":17,"column":3}},"18":{"start":{"line":19,"column":0},"end":{"line":19,"column":70}},"19":{"start":{"line":20,"column":0},"end":{"line":20,"column":66}},"21":{"start":{"line":22,"column":0},"end":{"line":22,"column":71}},"22":{"start":{"line":23,"column":0},"end":{"line":23,"column":59}},"24":{"start":{"line":25,"column":0},"end":{"line":25,"column":39}},"25":{"start":{"line":26,"column":0},"end":{"line":26,"column":43}},"26":{"start":{"line":27,"column":0},"end":{"line":27,"column":80}},"28":{"start":{"line":29,"column":0},"end":{"line":29,"column":48}},"29":{"start":{"line":30,"column":0},"end":{"line":30,"column":46}},"30":{"start":{"line":31,"column":0},"end":{"line":31,"column":44}},"31":{"start":{"line":32,"column":0},"end":{"line":32,"column":37}},"32":{"start":{"line":33,"column":0},"end":{"line":33,"column":46}},"33":{"start":{"line":34,"column":0},"end":{"line":34,"column":28}},"34":{"start":{"line":35,"column":0},"end":{"line":35,"column":6}},"36":{"start":{"line":37,"column":0},"end":{"line":37,"column":50}},"37":{"start":{"line":38,"column":0},"end":{"line":38,"column":45}},"38":{"start":{"line":39,"column":0},"end":{"line":39,"column":38}},"39":{"start":{"line":40,"column":0},"end":{"line":40,"column":24}},"40":{"start":{"line":41,"column":0},"end":{"line":41,"column":37}},"41":{"start":{"line":42,"column":0},"end":{"line":42,"column":6}},"43":{"start":{"line":44,"column":0},"end":{"line":44,"column":60}},"44":{"start":{"line":45,"column":0},"end":{"line":45,"column":68}},"45":{"start":{"line":46,"column":0},"end":{"line":46,"column":5}},"47":{"start":{"line":48,"column":0},"end":{"line":48,"column":73}},"48":{"start":{"line":49,"column":0},"end":{"line":49,"column":10}},"49":{"start":{"line":50,"column":0},"end":{"line":50,"column":65}},"50":{"start":{"line":51,"column":0},"end":{"line":51,"column":3}},"51":{"start":{"line":52,"column":0},"end":{"line":52,"column":2}}},"s":{"0":1,"1":1,"3":1,"4":12,"5":12,"6":12,"7":12,"8":12,"10":12,"11":12,"12":12,"14":12,"15":4,"16":4,"18":8,"19":8,"21":8,"22":8,"24":12,"25":4,"26":4,"28":4,"29":4,"30":2,"31":2,"32":2,"33":2,"34":2,"36":2,"37":2,"38":2,"39":2,"40":2,"41":2,"43":2,"44":0,"45":0,"47":2,"48":2,"49":0,"50":0,"51":12},"branchMap":{"0":{"type":"branch","line":4,"loc":{"start":{"line":4,"column":27},"end":{"line":52,"column":2}},"locations":[{"start":{"line":4,"column":27},"end":{"line":52,"column":2}}]},"1":{"type":"branch","line":15,"loc":{"start":{"line":15,"column":39},"end":{"line":17,"column":3}},"locations":[{"start":{"line":15,"column":39},"end":{"line":17,"column":3}}]},"2":{"type":"branch","line":17,"loc":{"start":{"line":17,"column":2},"end":{"line":25,"column":23}},"locations":[{"start":{"line":17,"column":2},"end":{"line":25,"column":23}}]},"3":{"type":"branch","line":25,"loc":{"start":{"line":25,"column":7},"end":{"line":25,"column":38}},"locations":[{"start":{"line":25,"column":7},"end":{"line":25,"column":38}}]},"4":{"type":"branch","line":25,"loc":{"start":{"line":25,"column":38},"end":{"line":51,"column":3}},"locations":[{"start":{"line":25,"column":38},"end":{"line":51,"column":3}}]},"5":{"type":"branch","line":30,"loc":{"start":{"line":30,"column":45},"end":{"line":51,"column":3}},"locations":[{"start":{"line":30,"column":45},"end":{"line":51,"column":3}}]},"6":{"type":"branch","line":44,"loc":{"start":{"line":44,"column":59},"end":{"line":46,"column":5}},"locations":[{"start":{"line":44,"column":59},"end":{"line":46,"column":5}}]},"7":{"type":"branch","line":49,"loc":{"start":{"line":49,"column":2},"end":{"line":51,"column":3}},"locations":[{"start":{"line":49,"column":2},"end":{"line":51,"column":3}}]}},"b":{"0":[12],"1":[4],"2":[8],"3":[4],"4":[4],"5":[2],"6":[0],"7":[0]},"fnMap":{"0":{"name":"getPaginationArray","decl":{"start":{"line":4,"column":27},"end":{"line":52,"column":2}},"loc":{"start":{"line":4,"column":27},"end":{"line":52,"column":2}},"line":4}},"f":{"0":12}}
,"C:\\Users\\Дария\\Desktop\\rick-morty\\src\\shared\\helpers\\getRangeArray.ts": {"path":"C:\\Users\\Дария\\Desktop\\rick-morty\\src\\shared\\helpers\\getRangeArray.ts","all":false,"statementMap":{"0":{"start":{"line":1,"column":0},"end":{"line":1,"column":55}},"1":{"start":{"line":2,"column":0},"end":{"line":2,"column":66}},"2":{"start":{"line":3,"column":0},"end":{"line":3,"column":2}}},"s":{"0":1,"1":14,"2":14},"branchMap":{"0":{"type":"branch","line":1,"loc":{"start":{"line":1,"column":22},"end":{"line":3,"column":2}},"locations":[{"start":{"line":1,"column":22},"end":{"line":3,"column":2}}]},"1":{"type":"branch","line":2,"loc":{"start":{"line":2,"column":45},"end":{"line":2,"column":64}},"locations":[{"start":{"line":2,"column":45},"end":{"line":2,"column":64}}]}},"b":{"0":[14],"1":[63]},"fnMap":{"0":{"name":"getRangeArray","decl":{"start":{"line":1,"column":22},"end":{"line":3,"column":2}},"loc":{"start":{"line":1,"column":22},"end":{"line":3,"column":2}},"line":1}},"f":{"0":14}}
,"C:\\Users\\Дария\\Desktop\\rick-morty\\src\\utils\\api\\get-data.ts": {"path":"C:\\Users\\Дария\\Desktop\\rick-morty\\src\\utils\\api\\get-data.ts","all":false,"statementMap":{"0":{"start":{"line":1,"column":0},"end":{"line":1,"column":52}},"6":{"start":{"line":7,"column":0},"end":{"line":7,"column":23}},"7":{"start":{"line":8,"column":0},"end":{"line":8,"column":23}},"8":{"start":{"line":9,"column":0},"end":{"line":9,"column":18}},"9":{"start":{"line":10,"column":0},"end":{"line":10,"column":43}},"10":{"start":{"line":11,"column":0},"end":{"line":11,"column":63}},"11":{"start":{"line":12,"column":0},"end":{"line":12,"column":54}},"12":{"start":{"line":13,"column":0},"end":{"line":13,"column":39}},"13":{"start":{"line":14,"column":0},"end":{"line":14,"column":52}},"15":{"start":{"line":16,"column":0},"end":{"line":16,"column":14}},"16":{"start":{"line":17,"column":0},"end":{"line":17,"column":2}},"18":{"start":{"line":19,"column":0},"end":{"line":19,"column":80}},"19":{"start":{"line":20,"column":0},"end":{"line":20,"column":34}},"20":{"start":{"line":21,"column":0},"end":{"line":21,"column":39}},"21":{"start":{"line":22,"column":0},"end":{"line":22,"column":50}},"23":{"start":{"line":24,"column":0},"end":{"line":24,"column":14}},"24":{"start":{"line":25,"column":0},"end":{"line":25,"column":2}}},"s":{"0":1,"6":1,"7":4,"8":4,"9":4,"10":4,"11":4,"12":4,"13":4,"15":4,"16":4,"18":1,"19":1,"20":1,"21":1,"23":1,"24":1},"branchMap":{"0":{"type":"branch","line":7,"loc":{"start":{"line":7,"column":16},"end":{"line":17,"column":2}},"locations":[{"start":{"line":7,"column":16},"end":{"line":17,"column":2}}]},"1":{"type":"branch","line":11,"loc":{"start":{"line":11,"column":21},"end":{"line":11,"column":60}},"locations":[{"start":{"line":11,"column":21},"end":{"line":11,"column":60}}]},"2":{"type":"branch","line":11,"loc":{"start":{"line":11,"column":55},"end":{"line":11,"column":63}},"locations":[{"start":{"line":11,"column":55},"end":{"line":11,"column":63}}]},"3":{"type":"branch","line":19,"loc":{"start":{"line":19,"column":22},"end":{"line":25,"column":2}},"locations":[{"start":{"line":19,"column":22},"end":{"line":25,"column":2}}]}},"b":{"0":[4],"1":[1],"2":[3],"3":[1]},"fnMap":{"0":{"name":"GetData","decl":{"start":{"line":7,"column":16},"end":{"line":17,"column":2}},"loc":{"start":{"line":7,"column":16},"end":{"line":17,"column":2}},"line":7},"1":{"name":"getSingleHero","decl":{"start":{"line":19,"column":22},"end":{"line":25,"column":2}},"loc":{"start":{"line":19,"column":22},"end":{"line":25,"column":2}},"line":19}},"f":{"0":4,"1":1}}
,"C:\\Users\\Дария\\Desktop\\rick-morty\\src\\utils\\localstorage\\useLocalStorage.ts": {"path":"C:\\Users\\Дария\\Desktop\\rick-morty\\src\\utils\\localstorage\\useLocalStorage.ts","all":false,"statementMap":{"0":{"start":{"line":1,"column":0},"end":{"line":1,"column":57}},"2":{"start":{"line":3,"column":0},"end":{"line":3,"column":28}},"3":{"start":{"line":4,"column":0},"end":{"line":4,"column":14}},"4":{"start":{"line":5,"column":0},"end":{"line":5,"column":17}},"5":{"start":{"line":6,"column":0},"end":{"line":6,"column":28}},"6":{"start":{"line":7,"column":0},"end":{"line":7,"column":59}},"7":{"start":{"line":8,"column":0},"end":{"line":8,"column":9}},"8":{"start":{"line":9,"column":0},"end":{"line":9,"column":52}},"10":{"start":{"line":11,"column":0},"end":{"line":11,"column":68}},"11":{"start":{"line":12,"column":0},"end":{"line":12,"column":13}},"12":{"start":{"line":13,"column":0},"end":{"line":13,"column":26}},"13":{"start":{"line":14,"column":0},"end":{"line":14,"column":5}},"14":{"start":{"line":15,"column":0},"end":{"line":15,"column":5}},"16":{"start":{"line":17,"column":0},"end":{"line":17,"column":31}},"17":{"start":{"line":18,"column":0},"end":{"line":18,"column":19}},"18":{"start":{"line":19,"column":0},"end":{"line":19,"column":11}},"19":{"start":{"line":20,"column":0},"end":{"line":20,"column":28}},"20":{"start":{"line":21,"column":0},"end":{"line":21,"column":65}},"22":{"start":{"line":23,"column":0},"end":{"line":23,"column":37}},"23":{"start":{"line":24,"column":0},"end":{"line":24,"column":71}},"24":{"start":{"line":25,"column":0},"end":{"line":25,"column":21}},"25":{"start":{"line":26,"column":0},"end":{"line":26,"column":26}},"26":{"start":{"line":27,"column":0},"end":{"line":27,"column":7}},"27":{"start":{"line":28,"column":0},"end":{"line":28,"column":6}},"28":{"start":{"line":29,"column":0},"end":{"line":29,"column":22}},"29":{"start":{"line":30,"column":0},"end":{"line":30,"column":4}},"31":{"start":{"line":32,"column":0},"end":{"line":32,"column":19}},"32":{"start":{"line":33,"column":0},"end":{"line":33,"column":9}},"33":{"start":{"line":34,"column":0},"end":{"line":34,"column":52}},"35":{"start":{"line":36,"column":0},"end":{"line":36,"column":26}},"36":{"start":{"line":37,"column":0},"end":{"line":37,"column":46}},"37":{"start":{"line":38,"column":0},"end":{"line":38,"column":7}},"38":{"start":{"line":39,"column":0},"end":{"line":39,"column":19}},"39":{"start":{"line":40,"column":0},"end":{"line":40,"column":24}},"40":{"start":{"line":41,"column":0},"end":{"line":41,"column":5}},"41":{"start":{"line":42,"column":0},"end":{"line":42,"column":12}},"43":{"start":{"line":44,"column":0},"end":{"line":44,"column":33}},"44":{"start":{"line":45,"column":0},"end":{"line":45,"column":1}}},"s":{"0":1,"2":4,"3":4,"4":4,"5":4,"6":4,"7":3,"8":3,"10":3,"11":3,"12":0,"13":0,"14":4,"16":4,"17":4,"18":1,"19":1,"20":1,"22":1,"23":1,"24":1,"25":0,"26":0,"27":1,"28":4,"29":4,"31":4,"32":3,"33":3,"35":3,"36":1,"37":1,"38":3,"39":0,"40":0,"41":4,"43":4,"44":4},"branchMap":{"0":{"type":"branch","line":3,"loc":{"start":{"line":3,"column":0},"end":{"line":45,"column":1}},"locations":[{"start":{"line":3,"column":0},"end":{"line":45,"column":1}}]},"1":{"type":"branch","line":7,"loc":{"start":{"line":7,"column":52},"end":{"line":15,"column":3}},"locations":[{"start":{"line":7,"column":52},"end":{"line":15,"column":3}}]},"2":{"type":"branch","line":11,"loc":{"start":{"line":11,"column":22},"end":{"line":11,"column":55}},"locations":[{"start":{"line":11,"column":22},"end":{"line":11,"column":55}}]},"3":{"type":"branch","line":11,"loc":{"start":{"line":11,"column":45},"end":{"line":11,"column":68}},"locations":[{"start":{"line":11,"column":45},"end":{"line":11,"column":68}}]},"4":{"type":"branch","line":12,"loc":{"start":{"line":12,"column":4},"end":{"line":14,"column":5}},"locations":[{"start":{"line":12,"column":4},"end":{"line":14,"column":5}}]},"5":{"type":"branch","line":18,"loc":{"start":{"line":18,"column":4},"end":{"line":28,"column":6}},"locations":[{"start":{"line":18,"column":4},"end":{"line":28,"column":6}}]},"6":{"type":"branch","line":21,"loc":{"start":{"line":21,"column":27},"end":{"line":21,"column":59}},"locations":[{"start":{"line":21,"column":27},"end":{"line":21,"column":59}}]},"7":{"type":"branch","line":25,"loc":{"start":{"line":25,"column":6},"end":{"line":27,"column":7}},"locations":[{"start":{"line":25,"column":6},"end":{"line":27,"column":7}}]},"8":{"type":"branch","line":32,"loc":{"start":{"line":32,"column":12},"end":{"line":42,"column":5}},"locations":[{"start":{"line":32,"column":12},"end":{"line":42,"column":5}}]},"9":{"type":"branch","line":36,"loc":{"start":{"line":36,"column":25},"end":{"line":38,"column":7}},"locations":[{"start":{"line":36,"column":25},"end":{"line":38,"column":7}}]},"10":{"type":"branch","line":39,"loc":{"start":{"line":39,"column":4},"end":{"line":41,"column":5}},"locations":[{"start":{"line":39,"column":4},"end":{"line":41,"column":5}}]}},"b":{"0":[4],"1":[3],"2":[1],"3":[2],"4":[0],"5":[1],"6":[0],"7":[0],"8":[3],"9":[1],"10":[0]},"fnMap":{"0":{"name":"useLocalStorage","decl":{"start":{"line":3,"column":0},"end":{"line":45,"column":1}},"loc":{"start":{"line":3,"column":0},"end":{"line":45,"column":1}},"line":3}},"f":{"0":4}}
}
